The system is: Windows - 10.0.22000 - AMD64
Compiling the C compiler identification source file "CMakeCCompilerId.c" succeeded.
Compiler: C:/Program Files (x86)/Microsoft Visual Studio/2019/Community/VC/Tools/MSVC/14.26.28801/bin/Hostx86/x86/cl.exe 
Build flags: 
Id flags:  

The output was:
0
Compilateur d'optimisation Microsoft (R) C/C++ version 19.26.28806 pour x86
Copyright (C) Microsoft Corporation. Tous droits réservés.

CMakeCCompilerId.c
Microsoft (R) Incremental Linker Version 14.26.28806.0
Copyright (C) Microsoft Corporation.  All rights reserved.

/out:CMakeCCompilerId.exe 
CMakeCCompilerId.obj 


Compilation of the C compiler identification source "CMakeCCompilerId.c" produced "CMakeCCompilerId.exe"

Compilation of the C compiler identification source "CMakeCCompilerId.c" produced "CMakeCCompilerId.obj"

The C compiler identification is MSVC, found in "C:/Users/bourg/Documents/GitHub/KanaCrush/cmake-build-debug/CMakeFiles/3.20.2/CompilerIdC/CMakeCCompilerId.exe"

Compiling the CXX compiler identification source file "CMakeCXXCompilerId.cpp" succeeded.
Compiler: C:/Program Files (x86)/Microsoft Visual Studio/2019/Community/VC/Tools/MSVC/14.26.28801/bin/Hostx86/x86/cl.exe 
Build flags: 
Id flags:  

The output was:
0
Compilateur d'optimisation Microsoft (R) C/C++ version 19.26.28806 pour x86
Copyright (C) Microsoft Corporation. Tous droits réservés.

CMakeCXXCompilerId.cpp
Microsoft (R) Incremental Linker Version 14.26.28806.0
Copyright (C) Microsoft Corporation.  All rights reserved.

/out:CMakeCXXCompilerId.exe 
CMakeCXXCompilerId.obj 


Compilation of the CXX compiler identification source "CMakeCXXCompilerId.cpp" produced "CMakeCXXCompilerId.exe"

Compilation of the CXX compiler identification source "CMakeCXXCompilerId.cpp" produced "CMakeCXXCompilerId.obj"

The CXX compiler identification is MSVC, found in "C:/Users/bourg/Documents/GitHub/KanaCrush/cmake-build-debug/CMakeFiles/3.20.2/CompilerIdCXX/CMakeCXXCompilerId.exe"

Detecting C compiler ABI info compiled with the following output:
Change Dir: C:/Users/bourg/Documents/GitHub/KanaCrush/cmake-build-debug/CMakeFiles/CMakeTmp

Run Build Command(s):nmake -f Makefile /nologo cmTC_ecc79\fast && 	"C:\Program Files (x86)\Microsoft Visual Studio\2019\Community\VC\Tools\MSVC\14.26.28801\bin\HostX86\x86\nmake.exe"  -f CMakeFiles\cmTC_ecc79.dir\build.make /nologo -L                  CMakeFiles\cmTC_ecc79.dir\build
Building C object CMakeFiles/cmTC_ecc79.dir/CMakeCCompilerABI.c.obj
	"C:\Program Files\JetBrains\CLion 2019.3.4\bin\cmake\win\bin\cmake.exe" -E cmake_cl_compile_depends --dep-file=CMakeFiles\cmTC_ecc79.dir\CMakeCCompilerABI.c.obj.d --working-dir=C:\Users\bourg\Documents\GitHub\KanaCrush\cmake-build-debug\CMakeFiles\CMakeTmp --filter-prefix="" -- C:\PROGRA~2\MICROS~4\2019\COMMUN~1\VC\Tools\MSVC\1426~1.288\bin\Hostx86\x86\cl.exe @C:\Users\bourg\AppData\Local\Temp\nm2F2E.tmp
Linking C executable cmTC_ecc79.exe
	"C:\Program Files\JetBrains\CLion 2019.3.4\bin\cmake\win\bin\cmake.exe" -E vs_link_exe --intdir=CMakeFiles\cmTC_ecc79.dir --rc=C:\PROGRA~2\WI3CF2~1\10\bin\100183~1.0\x86\rc.exe --mt=C:\PROGRA~2\WI3CF2~1\10\bin\100183~1.0\x86\mt.exe --manifests -- C:\PROGRA~2\MICROS~4\2019\COMMUN~1\VC\Tools\MSVC\1426~1.288\bin\Hostx86\x86\link.exe /nologo @CMakeFiles\cmTC_ecc79.dir\objects1.rsp @C:\Users\bourg\AppData\Local\Temp\nm30C5.tmp



Detecting CXX compiler ABI info compiled with the following output:
Change Dir: C:/Users/bourg/Documents/GitHub/KanaCrush/cmake-build-debug/CMakeFiles/CMakeTmp

Run Build Command(s):nmake -f Makefile /nologo cmTC_057a9\fast && 	"C:\Program Files (x86)\Microsoft Visual Studio\2019\Community\VC\Tools\MSVC\14.26.28801\bin\HostX86\x86\nmake.exe"  -f CMakeFiles\cmTC_057a9.dir\build.make /nologo -L                  CMakeFiles\cmTC_057a9.dir\build
Building CXX object CMakeFiles/cmTC_057a9.dir/CMakeCXXCompilerABI.cpp.obj
	"C:\Program Files\JetBrains\CLion 2019.3.4\bin\cmake\win\bin\cmake.exe" -E cmake_cl_compile_depends --dep-file=CMakeFiles\cmTC_057a9.dir\CMakeCXXCompilerABI.cpp.obj.d --working-dir=C:\Users\bourg\Documents\GitHub\KanaCrush\cmake-build-debug\CMakeFiles\CMakeTmp --filter-prefix="" -- C:\PROGRA~2\MICROS~4\2019\COMMUN~1\VC\Tools\MSVC\1426~1.288\bin\Hostx86\x86\cl.exe @C:\Users\bourg\AppData\Local\Temp\nm3345.tmp
Linking CXX executable cmTC_057a9.exe
	"C:\Program Files\JetBrains\CLion 2019.3.4\bin\cmake\win\bin\cmake.exe" -E vs_link_exe --intdir=CMakeFiles\cmTC_057a9.dir --rc=C:\PROGRA~2\WI3CF2~1\10\bin\100183~1.0\x86\rc.exe --mt=C:\PROGRA~2\WI3CF2~1\10\bin\100183~1.0\x86\mt.exe --manifests -- C:\PROGRA~2\MICROS~4\2019\COMMUN~1\VC\Tools\MSVC\1426~1.288\bin\Hostx86\x86\link.exe /nologo @CMakeFiles\cmTC_057a9.dir\objects1.rsp @C:\Users\bourg\AppData\Local\Temp\nm33D2.tmp



